<?xml version="1.0" encoding="UTF-8"?>
<!-- Generated by org.testng.reporters.JUnitReportReporter -->
<testsuite hostname="Dell" name="com.vedantu.test.sanity1_testsuite.AdminScheduleASession" tests="1" failures="0" timestamp="27 Oct 2015 03:33:18 GMT" time="87.373" errors="0">
  <testcase name="AdminSessionSchedule" time="87.373" classname="com.vedantu.test.sanity1_testsuite.AdminScheduleASession"/>
</testsuite> <!-- com.vedantu.test.sanity1_testsuite.AdminScheduleASession -->
