<?xml version="1.0" encoding="UTF-8"?>
<!-- Generated by org.testng.reporters.JUnitReportReporter -->
<testsuite hostname="45.112.138-broadband.acttv.in" name="com.vedantu.test.sanity1_testsuite.AdminLogin" tests="1" failures="0" timestamp="8 Dec 2015 12:06:40 GMT" time="52.541" errors="0">
  <testcase name="AdministartorLogin" time="52.541" classname="com.vedantu.test.sanity1_testsuite.AdminLogin"/>
</testsuite> <!-- com.vedantu.test.sanity1_testsuite.AdminLogin -->
