<?xml version="1.0" encoding="UTF-8"?>
<!-- Generated by org.testng.reporters.JUnitReportReporter -->
<testsuite hostname="Kirans-MacBook-Pro.local" name="com.vedantu.test.sanity1_testsuite.AdminLogin" tests="1" failures="0" timestamp="5 Dec 2015 07:01:42 GMT" time="96.323" errors="0">
  <testcase name="AdministartorLogin" time="96.323" classname="com.vedantu.test.sanity1_testsuite.AdminLogin"/>
</testsuite> <!-- com.vedantu.test.sanity1_testsuite.AdminLogin -->
