<?xml version="1.0" encoding="UTF-8"?>
<!-- Generated by org.testng.reporters.JUnitReportReporter -->
<testsuite hostname="Kirans-MacBook-Pro.local" name="com.vedantu.test.sanity1_testsuite.HomePageValidation" tests="1" failures="0" timestamp="5 Dec 2015 07:03:04 GMT" time="69.363" errors="0">
  <testcase name="HomePageValidations" time="69.363" classname="com.vedantu.test.sanity1_testsuite.HomePageValidation"/>
</testsuite> <!-- com.vedantu.test.sanity1_testsuite.HomePageValidation -->
