<?xml version="1.0" encoding="UTF-8"?>
<!-- Generated by org.testng.reporters.JUnitReportReporter -->
<testsuite hostname="Kirans-MacBook-Pro.local" name="com.vedantu.test.sanity1_testsuite.Signup" tests="1" failures="0" timestamp="5 Dec 2015 07:07:47 GMT" time="107.378" errors="0">
  <testcase name="GeneralSignup" time="107.378" classname="com.vedantu.test.sanity1_testsuite.Signup"/>
</testsuite> <!-- com.vedantu.test.sanity1_testsuite.Signup -->
