<?xml version="1.0" encoding="UTF-8"?>
<!-- Generated by org.testng.reporters.JUnitReportReporter -->
<testsuite hostname="Kirans-MacBook-Pro.local" name="com.vedantu.test.sanity1_testsuite.ListUsersSession" tests="1" failures="0" timestamp="5 Dec 2015 07:12:29 GMT" time="123.521" errors="0">
  <testcase name="ListUserSchedule" time="123.521" classname="com.vedantu.test.sanity1_testsuite.ListUsersSession"/>
</testsuite> <!-- com.vedantu.test.sanity1_testsuite.ListUsersSession -->
