<?xml version="1.0" encoding="UTF-8"?>
<!-- Generated by org.testng.reporters.JUnitReportReporter -->
<testsuite hostname="45.112.138-broadband.acttv.in" name="com.vedantu.test.sanity1_testsuite.AdminLogin" tests="1" failures="0" timestamp="11 Dec 2015 09:53:07 GMT" time="29.906" errors="0">
  <testcase name="AdministartorLogin" time="29.906" classname="com.vedantu.test.sanity1_testsuite.AdminLogin"/>
</testsuite> <!-- com.vedantu.test.sanity1_testsuite.AdminLogin -->
