<?xml version="1.0" encoding="UTF-8"?>
<!-- Generated by org.testng.reporters.JUnitReportReporter -->
<testsuite hostname="Dell" name="com.vedantu.rdxtest.App" tests="1" failures="0" timestamp="19 Oct 2015 11:55:33 GMT" time="9.017" errors="0">
  <testcase name="testing" time="9.017" classname="com.vedantu.rdxtest.App"/>
</testsuite> <!-- com.vedantu.rdxtest.App -->
