<?xml version="1.0" encoding="UTF-8"?>
<!-- Generated by org.testng.reporters.JUnitReportReporter -->
<testsuite hostname="testexecution" name="com.vedantu.test.sanity1_testsuite.TakeSession" tests="1" failures="0" timestamp="6 Nov 2015 09:23:48 GMT" time="158.131" errors="0">
  <testcase name="TakingSession" time="158.131" classname="com.vedantu.test.sanity1_testsuite.TakeSession"/>
</testsuite> <!-- com.vedantu.test.sanity1_testsuite.TakeSession -->
