<?xml version="1.0" encoding="UTF-8"?>
<!-- Generated by org.testng.reporters.JUnitReportReporter -->
<testsuite hostname="testexecution" name="VerifyTitle.VerifyaTitle" tests="1" failures="0" timestamp="5 Nov 2015 12:02:20 GMT" time="26.359" errors="0">
  <testcase name="VedantuTitle" time="26.359" classname="VerifyTitle.VerifyaTitle"/>
</testsuite> <!-- VerifyTitle.VerifyaTitle -->
