<?xml version="1.0" encoding="UTF-8"?>
<!-- Generated by org.testng.reporters.JUnitReportReporter -->
<testsuite hostname="Kirans-MacBook-Pro.local" name="com.vedantu.test.sanity1_testsuite.TeacherLogin" tests="1" failures="0" timestamp="5 Dec 2015 06:49:48 GMT" time="72.618" errors="0">
  <testcase name="TeacherLoginTest" time="72.618" classname="com.vedantu.test.sanity1_testsuite.TeacherLogin"/>
</testsuite> <!-- com.vedantu.test.sanity1_testsuite.TeacherLogin -->
