<?xml version="1.0" encoding="UTF-8"?>
<!-- Generated by org.testng.reporters.JUnitReportReporter -->
<testsuite hostname="Kirans-MacBook-Pro.local" name="com.vedantu.test.sanity1_testsuite.StudentLogin" tests="1" failures="0" timestamp="5 Dec 2015 06:48:28 GMT" time="93.010" errors="0">
  <testcase name="StudentLoginTest" time="93.010" classname="com.vedantu.test.sanity1_testsuite.StudentLogin"/>
</testsuite> <!-- com.vedantu.test.sanity1_testsuite.StudentLogin -->
