<?xml version="1.0" encoding="UTF-8"?>
<!-- Generated by org.testng.reporters.JUnitReportReporter -->
<testsuite hostname="testexecution" name="com.vedantu.test.sanity1_testsuite.AdminLoginTest" tests="1" failures="0" timestamp="29 Oct 2015 12:53:32 GMT" time="55.584" errors="0">
  <testcase name="AdminLoginTesting" time="55.584" classname="com.vedantu.test.sanity1_testsuite.AdminLoginTest"/>
</testsuite> <!-- com.vedantu.test.sanity1_testsuite.AdminLoginTest -->
