<?xml version="1.0" encoding="UTF-8"?>
<!-- Generated by org.testng.reporters.JUnitReportReporter -->
<testsuite hostname="Dell" name="com.vedantu.test.pom.s" tests="1" failures="0" timestamp="29 Oct 2015 07:58:05 GMT" time="51.189" errors="0">
  <testcase name="AdminLoginTest" time="51.189" classname="com.vedantu.test.pom.s"/>
</testsuite> <!-- com.vedantu.test.pom.s -->
