<?xml version="1.0" encoding="UTF-8"?>
<!-- Generated by org.testng.reporters.JUnitReportReporter -->
<testsuite hostname="Kirans-MacBook-Pro.local" name="com.vedantu.test.sanity1_testsuite.HomePageValidation" tests="1" failures="0" timestamp="5 Dec 2015 06:44:37 GMT" time="64.465" errors="0">
  <testcase name="HomePageValidations" time="64.465" classname="com.vedantu.test.sanity1_testsuite.HomePageValidation"/>
</testsuite> <!-- com.vedantu.test.sanity1_testsuite.HomePageValidation -->
